2018-07-21 23:07:50.686  INFO 17020 --- [main] spring.Application                       : Starting Application on DESKTOP-48CJKE3 with PID 17020 (C:\Users\felipe\Desktop\projeto2\devel\core-web\target\classes started by felipe in C:\Users\felipe\Desktop\projeto2\devel\core-web)
2018-07-21 23:07:50.691  INFO 17020 --- [main] spring.Application                       : No active profile set, falling back to default profiles: default
2018-07-21 23:07:50.806  INFO 17020 --- [main] ConfigServletWebServerApplicationContext : Refreshing org.springframework.boot.web.servlet.context.AnnotationConfigServletWebServerApplicationContext@78aa1f72: startup date [Sat Jul 21 23:07:50 BRT 2018]; root of context hierarchy
2018-07-21 23:07:53.037  INFO 17020 --- [main] o.s.b.w.embedded.tomcat.TomcatWebServer  : Tomcat initialized with port(s): 8080 (http)
2018-07-21 23:07:53.076  INFO 17020 --- [main] o.apache.catalina.core.StandardService   : Starting service [Tomcat]
2018-07-21 23:07:53.077  INFO 17020 --- [main] org.apache.catalina.core.StandardEngine  : Starting Servlet Engine: Apache Tomcat/8.5.31
2018-07-21 23:07:53.092  INFO 17020 --- [localhost-startStop-1] o.a.catalina.core.AprLifecycleListener   : The APR based Apache Tomcat Native library which allows optimal performance in production environments was not found on the java.library.path: [C:\Program Files\Java\jdk1.8.0_181\bin;C:\WINDOWS\Sun\Java\bin;C:\WINDOWS\system32;C:\WINDOWS;C:\Program Files\Java\jdk1.8.0_181\jre\bin;C:/Program Files/Java/jre1.8.0_181/bin/server;C:/Program Files/Java/jre1.8.0_181/bin;C:/Program Files/Java/jre1.8.0_181/lib/amd64;C:\Program Files (x86)\Common Files\Oracle\Java\javapath;C:\ProgramData\Oracle\Java\javapath;C:\Program Files (x86)\Razer Chroma SDK\bin;C:\Program Files\Razer Chroma SDK\bin;C:\Program Files (x86)\Intel\iCLS Client\;C:\Program Files\Intel\iCLS Client\;C:\Windows\system32;C:\Windows;C:\Windows\System32\Wbem;C:\Windows\System32\WindowsPowerShell\v1.0\;C:\Program Files\Intel\Intel(R) Management Engine Components\DAL;C:\Program Files (x86)\Intel\Intel(R) Management Engine Components\DAL;C:\Program Files\Intel\Intel(R) Management Engine Components\IPT;C:\Program Files (x86)\Intel\Intel(R) Management Engine Components\IPT;C:\Windows\system32\config\systemprofile\AppData\Local\Microsoft\WindowsApps;C:\Program Files (x86)\Skype\Phone\;C:\WINDOWS\system32;C:\WINDOWS;C:\WINDOWS\System32\Wbem;C:\WINDOWS\System32\WindowsPowerShell\v1.0\;C:\Program Files\TortoiseSVN\bin;C:\Program Files (x86)\NVIDIA Corporation\PhysX\Common;C:\WINDOWS\system32;C:\WINDOWS;C:\WINDOWS\System32\Wbem;C:\WINDOWS\System32\WindowsPowerShell\v1.0\;C:\WINDOWS\System32\OpenSSH\;C:\Users\felipe\AppData\Local\Microsoft\WindowsApps;C:\Users\felipe\Desktop\maven\bin;C:\Program Files\Java\jdk1.8.0_181\bin;;C:\Users\felipe\Desktop\eclipse;;.]
2018-07-21 23:07:53.245  INFO 17020 --- [localhost-startStop-1] o.a.c.c.C.[Tomcat].[localhost].[/]       : Initializing Spring embedded WebApplicationContext
2018-07-21 23:07:53.245  INFO 17020 --- [localhost-startStop-1] o.s.web.context.ContextLoader            : Root WebApplicationContext: initialization completed in 2439 ms
2018-07-21 23:07:53.531  INFO 17020 --- [localhost-startStop-1] o.s.b.w.servlet.FilterRegistrationBean   : Mapping filter: 'characterEncodingFilter' to: [/*]
2018-07-21 23:07:53.531  INFO 17020 --- [localhost-startStop-1] o.s.b.w.servlet.FilterRegistrationBean   : Mapping filter: 'hiddenHttpMethodFilter' to: [/*]
2018-07-21 23:07:53.532  INFO 17020 --- [localhost-startStop-1] o.s.b.w.servlet.FilterRegistrationBean   : Mapping filter: 'httpPutFormContentFilter' to: [/*]
2018-07-21 23:07:53.532  INFO 17020 --- [localhost-startStop-1] o.s.b.w.servlet.FilterRegistrationBean   : Mapping filter: 'requestContextFilter' to: [/*]
2018-07-21 23:07:53.532  INFO 17020 --- [localhost-startStop-1] .s.DelegatingFilterProxyRegistrationBean : Mapping filter: 'springSecurityFilterChain' to: [/*]
2018-07-21 23:07:53.532  INFO 17020 --- [localhost-startStop-1] o.s.b.w.servlet.ServletRegistrationBean  : Servlet dispatcherServlet mapped to [/]
2018-07-21 23:07:54.550  INFO 17020 --- [main] o.s.w.s.handler.SimpleUrlHandlerMapping  : Mapped URL path [/**/favicon.ico] onto handler of type [class org.springframework.web.servlet.resource.ResourceHttpRequestHandler]
2018-07-21 23:07:55.046  INFO 17020 --- [main] s.w.s.m.m.a.RequestMappingHandlerAdapter : Looking for @ControllerAdvice: org.springframework.boot.web.servlet.context.AnnotationConfigServletWebServerApplicationContext@78aa1f72: startup date [Sat Jul 21 23:07:50 BRT 2018]; root of context hierarchy
2018-07-21 23:07:55.194  INFO 17020 --- [main] s.w.s.m.m.a.RequestMappingHandlerMapping : Mapped "{[/tasks],methods=[GET]}" onto public org.springframework.http.ResponseEntity<java.util.List<br.org.projeto.service.api.dto.TaskDto>> br.org.projeto.controller.TaskController.getTasks()
2018-07-21 23:07:55.195  INFO 17020 --- [main] s.w.s.m.m.a.RequestMappingHandlerMapping : Mapped "{[/tasks/{id}],methods=[GET]}" onto public org.springframework.http.ResponseEntity<br.org.projeto.service.api.dto.TaskDto> br.org.projeto.controller.TaskController.getTask(java.lang.Long)
2018-07-21 23:07:55.196  INFO 17020 --- [main] s.w.s.m.m.a.RequestMappingHandlerMapping : Mapped "{[/tasks/{id}],methods=[DELETE]}" onto public org.springframework.http.ResponseEntity<java.lang.Object> br.org.projeto.controller.TaskController.deleteTask(java.lang.Long)
2018-07-21 23:07:55.196  INFO 17020 --- [main] s.w.s.m.m.a.RequestMappingHandlerMapping : Mapped "{[/tasks/{id}],methods=[PUT]}" onto public org.springframework.http.ResponseEntity<java.lang.Object> br.org.projeto.controller.TaskController.editTask(br.org.projeto.service.api.dto.TaskDto)
2018-07-21 23:07:55.197  INFO 17020 --- [main] s.w.s.m.m.a.RequestMappingHandlerMapping : Mapped "{[/tasks],methods=[POST]}" onto public org.springframework.http.ResponseEntity<java.lang.Object> br.org.projeto.controller.TaskController.saveTask(br.org.projeto.service.api.dto.TaskDto)
2018-07-21 23:07:55.199  INFO 17020 --- [main] s.w.s.m.m.a.RequestMappingHandlerMapping : Mapped "{[/error]}" onto public org.springframework.http.ResponseEntity<java.util.Map<java.lang.String, java.lang.Object>> org.springframework.boot.autoconfigure.web.servlet.error.BasicErrorController.error(javax.servlet.http.HttpServletRequest)
2018-07-21 23:07:55.202  INFO 17020 --- [main] s.w.s.m.m.a.RequestMappingHandlerMapping : Mapped "{[/error],produces=[text/html]}" onto public org.springframework.web.servlet.ModelAndView org.springframework.boot.autoconfigure.web.servlet.error.BasicErrorController.errorHtml(javax.servlet.http.HttpServletRequest,javax.servlet.http.HttpServletResponse)
2018-07-21 23:07:55.257  INFO 17020 --- [main] o.s.w.s.handler.SimpleUrlHandlerMapping  : Mapped URL path [/webjars/**] onto handler of type [class org.springframework.web.servlet.resource.ResourceHttpRequestHandler]
2018-07-21 23:07:55.257  INFO 17020 --- [main] o.s.w.s.handler.SimpleUrlHandlerMapping  : Mapped URL path [/**] onto handler of type [class org.springframework.web.servlet.resource.ResourceHttpRequestHandler]
2018-07-21 23:07:55.731  INFO 17020 --- [main] .s.s.UserDetailsServiceAutoConfiguration : 

Using generated security password: fab022e8-7b65-4e11-b55b-9665b4b71083

2018-07-21 23:07:56.102  INFO 17020 --- [main] o.s.s.web.DefaultSecurityFilterChain     : Creating filter chain: org.springframework.security.web.util.matcher.AnyRequestMatcher@1, [org.springframework.security.web.context.request.async.WebAsyncManagerIntegrationFilter@4293e066, org.springframework.security.web.context.SecurityContextPersistenceFilter@4451f60c, org.springframework.security.web.header.HeaderWriterFilter@6579cdbb, org.springframework.security.web.csrf.CsrfFilter@1ca610a0, org.springframework.security.web.authentication.logout.LogoutFilter@3a8cea24, org.springframework.security.web.authentication.UsernamePasswordAuthenticationFilter@6dce59e, org.springframework.security.web.authentication.ui.DefaultLoginPageGeneratingFilter@15a3b42, org.springframework.security.web.authentication.www.BasicAuthenticationFilter@691124ee, org.springframework.security.web.savedrequest.RequestCacheAwareFilter@64bebd55, org.springframework.security.web.servletapi.SecurityContextHolderAwareRequestFilter@6588b715, org.springframework.security.web.authentication.AnonymousAuthenticationFilter@d13960e, org.springframework.security.web.session.SessionManagementFilter@1e1232cf, org.springframework.security.web.access.ExceptionTranslationFilter@64aeaf29, org.springframework.security.web.access.intercept.FilterSecurityInterceptor@2574a9e3]
2018-07-21 23:07:56.315  INFO 17020 --- [main] o.s.j.e.a.AnnotationMBeanExporter        : Registering beans for JMX exposure on startup
2018-07-21 23:07:56.316  INFO 17020 --- [main] o.s.j.e.a.AnnotationMBeanExporter        : Bean with name 'dataSource' has been autodetected for JMX exposure
2018-07-21 23:07:56.328  INFO 17020 --- [main] o.s.j.e.a.AnnotationMBeanExporter        : Located MBean 'dataSource': registering with JMX server as MBean [com.zaxxer.hikari:name=dataSource,type=HikariDataSource]
2018-07-21 23:07:56.392  INFO 17020 --- [main] o.s.b.w.embedded.tomcat.TomcatWebServer  : Tomcat started on port(s): 8080 (http) with context path ''
2018-07-21 23:07:56.396  INFO 17020 --- [main] spring.Application                       : Started Application in 6.373 seconds (JVM running for 7.235)
2018-07-21 23:08:28.971  INFO 17020 --- [http-nio-8080-exec-1] o.a.c.c.C.[Tomcat].[localhost].[/]       : Initializing Spring FrameworkServlet 'dispatcherServlet'
2018-07-21 23:08:28.971  INFO 17020 --- [http-nio-8080-exec-1] o.s.web.servlet.DispatcherServlet        : FrameworkServlet 'dispatcherServlet': initialization started
2018-07-21 23:08:28.992  INFO 17020 --- [http-nio-8080-exec-1] o.s.web.servlet.DispatcherServlet        : FrameworkServlet 'dispatcherServlet': initialization completed in 21 ms
2018-07-21 23:09:16.434  INFO 1696 --- [main] spring.Application                       : Starting Application on DESKTOP-48CJKE3 with PID 1696 (C:\Users\felipe\Desktop\projeto2\devel\core-web\target\classes started by felipe in C:\Users\felipe\Desktop\projeto2\devel\core-web)
2018-07-21 23:09:16.440  INFO 1696 --- [main] spring.Application                       : No active profile set, falling back to default profiles: default
2018-07-21 23:09:16.533  INFO 1696 --- [main] ConfigServletWebServerApplicationContext : Refreshing org.springframework.boot.web.servlet.context.AnnotationConfigServletWebServerApplicationContext@5852c06f: startup date [Sat Jul 21 23:09:16 BRT 2018]; root of context hierarchy
2018-07-21 23:09:18.605  INFO 1696 --- [main] o.s.b.w.embedded.tomcat.TomcatWebServer  : Tomcat initialized with port(s): 8080 (http)
2018-07-21 23:09:18.647  INFO 1696 --- [main] o.apache.catalina.core.StandardService   : Starting service [Tomcat]
2018-07-21 23:09:18.648  INFO 1696 --- [main] org.apache.catalina.core.StandardEngine  : Starting Servlet Engine: Apache Tomcat/8.5.31
2018-07-21 23:09:18.665  INFO 1696 --- [localhost-startStop-1] o.a.catalina.core.AprLifecycleListener   : The APR based Apache Tomcat Native library which allows optimal performance in production environments was not found on the java.library.path: [C:\Program Files\Java\jdk1.8.0_181\bin;C:\WINDOWS\Sun\Java\bin;C:\WINDOWS\system32;C:\WINDOWS;C:\Program Files\Java\jdk1.8.0_181\jre\bin;C:/Program Files/Java/jre1.8.0_181/bin/server;C:/Program Files/Java/jre1.8.0_181/bin;C:/Program Files/Java/jre1.8.0_181/lib/amd64;C:\Program Files (x86)\Common Files\Oracle\Java\javapath;C:\ProgramData\Oracle\Java\javapath;C:\Program Files (x86)\Razer Chroma SDK\bin;C:\Program Files\Razer Chroma SDK\bin;C:\Program Files (x86)\Intel\iCLS Client\;C:\Program Files\Intel\iCLS Client\;C:\Windows\system32;C:\Windows;C:\Windows\System32\Wbem;C:\Windows\System32\WindowsPowerShell\v1.0\;C:\Program Files\Intel\Intel(R) Management Engine Components\DAL;C:\Program Files (x86)\Intel\Intel(R) Management Engine Components\DAL;C:\Program Files\Intel\Intel(R) Management Engine Components\IPT;C:\Program Files (x86)\Intel\Intel(R) Management Engine Components\IPT;C:\Windows\system32\config\systemprofile\AppData\Local\Microsoft\WindowsApps;C:\Program Files (x86)\Skype\Phone\;C:\WINDOWS\system32;C:\WINDOWS;C:\WINDOWS\System32\Wbem;C:\WINDOWS\System32\WindowsPowerShell\v1.0\;C:\Program Files\TortoiseSVN\bin;C:\Program Files (x86)\NVIDIA Corporation\PhysX\Common;C:\WINDOWS\system32;C:\WINDOWS;C:\WINDOWS\System32\Wbem;C:\WINDOWS\System32\WindowsPowerShell\v1.0\;C:\WINDOWS\System32\OpenSSH\;C:\Users\felipe\AppData\Local\Microsoft\WindowsApps;C:\Users\felipe\Desktop\maven\bin;C:\Program Files\Java\jdk1.8.0_181\bin;;C:\Users\felipe\Desktop\eclipse;;.]
2018-07-21 23:09:18.814  INFO 1696 --- [localhost-startStop-1] o.a.c.c.C.[Tomcat].[localhost].[/]       : Initializing Spring embedded WebApplicationContext
2018-07-21 23:09:18.814  INFO 1696 --- [localhost-startStop-1] o.s.web.context.ContextLoader            : Root WebApplicationContext: initialization completed in 2281 ms
2018-07-21 23:09:19.008  INFO 1696 --- [localhost-startStop-1] o.s.b.w.servlet.ServletRegistrationBean  : Servlet dispatcherServlet mapped to [/]
2018-07-21 23:09:19.013  INFO 1696 --- [localhost-startStop-1] o.s.b.w.servlet.FilterRegistrationBean   : Mapping filter: 'characterEncodingFilter' to: [/*]
2018-07-21 23:09:19.014  INFO 1696 --- [localhost-startStop-1] o.s.b.w.servlet.FilterRegistrationBean   : Mapping filter: 'hiddenHttpMethodFilter' to: [/*]
2018-07-21 23:09:19.014  INFO 1696 --- [localhost-startStop-1] o.s.b.w.servlet.FilterRegistrationBean   : Mapping filter: 'httpPutFormContentFilter' to: [/*]
2018-07-21 23:09:19.014  INFO 1696 --- [localhost-startStop-1] o.s.b.w.servlet.FilterRegistrationBean   : Mapping filter: 'requestContextFilter' to: [/*]
2018-07-21 23:09:19.859  INFO 1696 --- [main] o.s.w.s.handler.SimpleUrlHandlerMapping  : Mapped URL path [/**/favicon.ico] onto handler of type [class org.springframework.web.servlet.resource.ResourceHttpRequestHandler]
2018-07-21 23:09:20.202  INFO 1696 --- [main] s.w.s.m.m.a.RequestMappingHandlerAdapter : Looking for @ControllerAdvice: org.springframework.boot.web.servlet.context.AnnotationConfigServletWebServerApplicationContext@5852c06f: startup date [Sat Jul 21 23:09:16 BRT 2018]; root of context hierarchy
2018-07-21 23:09:20.346  INFO 1696 --- [main] s.w.s.m.m.a.RequestMappingHandlerMapping : Mapped "{[/tasks/{id}],methods=[GET]}" onto public org.springframework.http.ResponseEntity<br.org.projeto.service.api.dto.TaskDto> br.org.projeto.controller.TaskController.getTask(java.lang.Long)
2018-07-21 23:09:20.356  INFO 1696 --- [main] s.w.s.m.m.a.RequestMappingHandlerMapping : Mapped "{[/tasks],methods=[GET]}" onto public org.springframework.http.ResponseEntity<java.util.List<br.org.projeto.service.api.dto.TaskDto>> br.org.projeto.controller.TaskController.getTasks()
2018-07-21 23:09:20.356  INFO 1696 --- [main] s.w.s.m.m.a.RequestMappingHandlerMapping : Mapped "{[/tasks],methods=[POST]}" onto public org.springframework.http.ResponseEntity<java.lang.Object> br.org.projeto.controller.TaskController.saveTask(br.org.projeto.service.api.dto.TaskDto)
2018-07-21 23:09:20.357  INFO 1696 --- [main] s.w.s.m.m.a.RequestMappingHandlerMapping : Mapped "{[/tasks/{id}],methods=[PUT]}" onto public org.springframework.http.ResponseEntity<java.lang.Object> br.org.projeto.controller.TaskController.editTask(br.org.projeto.service.api.dto.TaskDto)
2018-07-21 23:09:20.357  INFO 1696 --- [main] s.w.s.m.m.a.RequestMappingHandlerMapping : Mapped "{[/tasks/{id}],methods=[DELETE]}" onto public org.springframework.http.ResponseEntity<java.lang.Object> br.org.projeto.controller.TaskController.deleteTask(java.lang.Long)
2018-07-21 23:09:20.359  INFO 1696 --- [main] s.w.s.m.m.a.RequestMappingHandlerMapping : Mapped "{[/error]}" onto public org.springframework.http.ResponseEntity<java.util.Map<java.lang.String, java.lang.Object>> org.springframework.boot.autoconfigure.web.servlet.error.BasicErrorController.error(javax.servlet.http.HttpServletRequest)
2018-07-21 23:09:20.360  INFO 1696 --- [main] s.w.s.m.m.a.RequestMappingHandlerMapping : Mapped "{[/error],produces=[text/html]}" onto public org.springframework.web.servlet.ModelAndView org.springframework.boot.autoconfigure.web.servlet.error.BasicErrorController.errorHtml(javax.servlet.http.HttpServletRequest,javax.servlet.http.HttpServletResponse)
2018-07-21 23:09:20.407  INFO 1696 --- [main] o.s.w.s.handler.SimpleUrlHandlerMapping  : Mapped URL path [/webjars/**] onto handler of type [class org.springframework.web.servlet.resource.ResourceHttpRequestHandler]
2018-07-21 23:09:20.408  INFO 1696 --- [main] o.s.w.s.handler.SimpleUrlHandlerMapping  : Mapped URL path [/**] onto handler of type [class org.springframework.web.servlet.resource.ResourceHttpRequestHandler]
2018-07-21 23:09:20.792  INFO 1696 --- [main] o.s.j.e.a.AnnotationMBeanExporter        : Registering beans for JMX exposure on startup
2018-07-21 23:09:20.793  INFO 1696 --- [main] o.s.j.e.a.AnnotationMBeanExporter        : Bean with name 'dataSource' has been autodetected for JMX exposure
2018-07-21 23:09:20.799  INFO 1696 --- [main] o.s.j.e.a.AnnotationMBeanExporter        : Located MBean 'dataSource': registering with JMX server as MBean [com.zaxxer.hikari:name=dataSource,type=HikariDataSource]
2018-07-21 23:09:20.863  INFO 1696 --- [main] o.s.b.w.embedded.tomcat.TomcatWebServer  : Tomcat started on port(s): 8080 (http) with context path ''
2018-07-21 23:09:20.874  INFO 1696 --- [main] spring.Application                       : Started Application in 5.251 seconds (JVM running for 6.078)
2018-07-21 23:09:23.840  INFO 1696 --- [http-nio-8080-exec-1] o.a.c.c.C.[Tomcat].[localhost].[/]       : Initializing Spring FrameworkServlet 'dispatcherServlet'
2018-07-21 23:09:23.841  INFO 1696 --- [http-nio-8080-exec-1] o.s.web.servlet.DispatcherServlet        : FrameworkServlet 'dispatcherServlet': initialization started
2018-07-21 23:09:23.863  INFO 1696 --- [http-nio-8080-exec-1] o.s.web.servlet.DispatcherServlet        : FrameworkServlet 'dispatcherServlet': initialization completed in 22 ms
2018-07-21 23:09:29.897  INFO 1696 --- [http-nio-8080-exec-7] b.org.projeto.controller.TaskController  : a
2018-07-21 23:09:30.149  INFO 1696 --- [http-nio-8080-exec-7] org.jooq.Constants                       : 
                                      
@@@@@@@@@@@@@@@@@@@@@@@@@@@@@@@@@@@@@@
@@@@@@@@@@@@@@@@@@@@@@@@@@@@@@@@@@@@@@
@@@@@@@@@@@@@@@@  @@        @@@@@@@@@@
@@@@@@@@@@@@@@@@@@@@        @@@@@@@@@@
@@@@@@@@@@@@@@@@  @@  @@    @@@@@@@@@@
@@@@@@@@@@  @@@@  @@  @@    @@@@@@@@@@
@@@@@@@@@@        @@        @@@@@@@@@@
@@@@@@@@@@@@@@@@@@@@@@@@@@@@@@@@@@@@@@
@@@@@@@@@@@@@@@@@@@@@@@@@@@@@@@@@@@@@@
@@@@@@@@@@        @@        @@@@@@@@@@
@@@@@@@@@@    @@  @@  @@@@  @@@@@@@@@@
@@@@@@@@@@    @@  @@  @@@@  @@@@@@@@@@
@@@@@@@@@@        @@  @  @  @@@@@@@@@@
@@@@@@@@@@        @@        @@@@@@@@@@
@@@@@@@@@@@@@@@@@@@@@@@  @@@@@@@@@@@@@
@@@@@@@@@@@@@@@@@@@@@@@@@@@@@@@@@@@@@@
@@@@@@@@@@@@@@@@@@@@@@@@@@@@@@@@@@@@@@  Thank you for using jOOQ 3.10.7
                                      
2018-07-21 23:09:30.176  INFO 1696 --- [http-nio-8080-exec-7] com.zaxxer.hikari.HikariDataSource       : HikariPool-1 - Starting...
2018-07-21 23:09:30.438  INFO 1696 --- [http-nio-8080-exec-7] com.zaxxer.hikari.HikariDataSource       : HikariPool-1 - Start completed.
